<?xml version="1.0" encoding="UTF-8"?>
<!-- Generated by org.testng.reporters.JUnitXMLReporter -->
<testsuite ignored="3" hostname="Umang8267" failures="0" tests="1" name="Test" time="13.151" errors="0" timestamp="2025-01-19T14:38:36 IST">
  <testcase classname="TestCases.ResetPassword" name="resetPasswordbeforeLogin" time="5.083"/>
  <testcase classname="TestCases.Login" name="login" time="0.0">
    <ignored/>
  </testcase> <!-- login -->
  <testcase classname="TestCases.ResetPassword" name="ResetPasswordAfterLogin" time="0.0">
    <ignored/>
  </testcase> <!-- ResetPasswordAfterLogin -->
  <testcase classname="TestCases.Login" name="fillProfile" time="0.0">
    <ignored/>
  </testcase> <!-- fillProfile -->
</testsuite> <!-- Test -->
