<?xml version="1.0" encoding="UTF-8"?>
<testng-results ignored="3" total="4" passed="1" failed="0" skipped="0">
  <reporter-output>
  </reporter-output>
  <suite started-at="2025-01-19T14:38:22 IST" name="Suite" finished-at="2025-01-19T14:38:35 IST" duration-ms="13151">
    <groups>
      <group name="reset">
        <method signature="ResetPassword.resetPasswordbeforeLogin()[pri:0, instance:TestCases.ResetPassword@58ffcbd7]" name="resetPasswordbeforeLogin" class="TestCases.ResetPassword"/>
      </group> <!-- reset -->
    </groups>
    <test started-at="2025-01-19T14:38:22 IST" name="Test" finished-at="2025-01-19T14:38:35 IST" duration-ms="13151">
      <class name="TestCases.ResetPassword">
        <test-method is-config="true" signature="setup(java.lang.String,java.lang.String)[pri:0, instance:TestCases.ResetPassword@58ffcbd7]" started-at="2025-01-19T14:38:22 IST" name="setup" finished-at="2025-01-19T14:38:30 IST" duration-ms="7249" status="PASS">
          <params>
            <param index="0">
              <value>
                <![CDATA[Windows]]>
              </value>
            </param>
            <param index="1">
              <value>
                <![CDATA[chrome]]>
              </value>
            </param>
          </params>
          <reporter-output>
          </reporter-output>
        </test-method> <!-- setup -->
        <test-method signature="resetPasswordbeforeLogin()[pri:0, instance:TestCases.ResetPassword@58ffcbd7]" started-at="2025-01-19T14:38:30 IST" name="resetPasswordbeforeLogin" finished-at="2025-01-19T14:38:35 IST" duration-ms="5083" status="PASS">
          <reporter-output>
          </reporter-output>
        </test-method> <!-- resetPasswordbeforeLogin -->
        <test-method is-config="true" signature="teardown()[pri:0, instance:TestCases.ResetPassword@58ffcbd7]" started-at="2025-01-19T14:38:35 IST" name="teardown" finished-at="2025-01-19T14:38:35 IST" duration-ms="418" status="PASS">
          <reporter-output>
          </reporter-output>
        </test-method> <!-- teardown -->
      </class> <!-- TestCases.ResetPassword -->
    </test> <!-- Test -->
  </suite> <!-- Suite -->
</testng-results>
